#
# There is insufficient memory for the Java Runtime Environment to continue.
# Native memory allocation (malloc) failed to allocate 1048576 bytes for AllocateHeap
# Possible reasons:
#   The system is out of physical RAM or swap space
#   In 32 bit mode, the process size limit was hit
# Possible solutions:
#   Reduce memory load on the system
#   Increase physical memory or swap space
#   Check if swap backing store is full
#   Use 64 bit Java on a 64 bit OS
#   Decrease Java heap size (-Xmx/-Xms)
#   Decrease number of Java threads
#   Decrease Java thread stack sizes (-Xss)
#   Set larger code cache with -XX:ReservedCodeCacheSize=
# This output file may be truncated or incomplete.
#
#  Out of Memory Error (memory/allocation.inline.hpp:61), pid=15512, tid=0x00000000000009d4
#
# JRE version:  (8.0_121-b13) (build )
# Java VM: Java HotSpot(TM) 64-Bit Server VM (25.121-b13 mixed mode windows-amd64 compressed oops)
# Failed to write core dump. Minidumps are not enabled by default on client versions of Windows
#

---------------  T H R E A D  ---------------

Current thread (0x00000000027c2800):  JavaThread "Unknown thread" [_thread_in_vm, id=2516, stack(0x0000000002310000,0x0000000002410000)]

Stack: [0x0000000002310000,0x0000000002410000]
[error occurred during error reporting (printing stack bounds), id 0xc0000005]

Native frames: (J=compiled Java code, j=interpreted, Vv=VM code, C=native code)


---------------  P R O C E S S  ---------------

Java Threads: ( => current thread )

Other Threads:

=>0x00000000027c2800 (exited) JavaThread "Unknown thread" [_thread_in_vm, id=2516, stack(0x0000000002310000,0x0000000002410000)]

VM state:not at safepoint (normal execution)

VM Mutex/Monitor currently owned by a thread: None

Heap:
 PSYoungGen      total 57344K, used 983K [0x0000000780700000, 0x0000000784700000, 0x00000007c0000000)
  eden space 49152K, 2% used [0x0000000780700000,0x00000007807f5c38,0x0000000783700000)
  from space 8192K, 0% used [0x0000000783f00000,0x0000000783f00000,0x0000000784700000)
  to   space 8192K, 0% used [0x0000000783700000,0x0000000783700000,0x0000000783f00000)
 ParOldGen       total 131072K, used 0K [0x0000000701400000, 0x0000000709400000, 0x0000000780700000)
  object space 131072K, 0% used [0x0000000701400000,0x0000000701400000,0x0000000709400000)
 Metaspace       used 770K, capacity 4480K, committed 4480K, reserved 1056768K
  class space    used 75K, capacity 384K, committed 384K, reserved 1048576K

Card table byte_map: [0x0000000011d00000,0x0000000012300000] byte_map_base: 0x000000000e4f6000

Marking Bits: (ParMarkBitMap*) 0x000000005796b6d0
 Begin Bits: [0x0000000012b00000, 0x0000000015ab0000)
 End Bits:   [0x0000000015ab0000, 0x0000000018a60000)

Polling page: 0x00000000007a0000

CodeCache: size=245760Kb used=328Kb max_used=328Kb free=245431Kb
 bounds [0x0000000002940000, 0x0000000002bb0000, 0x0000000011940000]
 total_blobs=58 nmethods=0 adapters=38
 compilation: enabled

Compilation events (0 events):
No events

GC Heap History (0 events):
No events

Deoptimization events (0 events):
No events

Internal exceptions (0 events):
No events

Events (10 events):
Event: 0.045 loading class java/lang/Short
Event: 0.045 loading class java/lang/Short done
Event: 0.045 loading class java/lang/Integer
Event: 0.046 loading class java/lang/Integer done
Event: 0.046 loading class java/lang/Long
Event: 0.046 loading class java/lang/Long done
Event: 0.047 loading class java/lang/NullPointerException
Event: 0.048 loading class java/lang/NullPointerException done
Event: 0.048 loading class java/lang/ArithmeticException
Event: 0.048 loading class java/lang/ArithmeticException done


Dynamic libraries:
0x00007ff66dae0000 - 0x00007ff66db17000 	D:\jdk\bin\java.exe
0x00007ffb69470000 - 0x00007ffb69642000 	C:\Windows\SYSTEM32\ntdll.dll
0x00007ffb687e0000 - 0x00007ffb6888c000 	C:\Windows\System32\KERNEL32.DLL
0x00007ffb65970000 - 0x00007ffb65b8d000 	C:\Windows\System32\KERNELBASE.dll
0x00007ffb68090000 - 0x00007ffb68132000 	C:\Windows\System32\ADVAPI32.dll
0x00007ffb68550000 - 0x00007ffb685ee000 	C:\Windows\System32\msvcrt.dll
0x0000000000880000 - 0x00000000008d9000 	C:\Windows\System32\sechost.dll
0x00007ffb68be0000 - 0x00007ffb68d01000 	C:\Windows\System32\RPCRT4.dll
0x00007ffb683e0000 - 0x00007ffb68545000 	C:\Windows\System32\USER32.dll
0x00007ffb669e0000 - 0x00007ffb669fe000 	C:\Windows\System32\win32u.dll
0x00007ffb68730000 - 0x00007ffb68764000 	C:\Windows\System32\GDI32.dll
0x00007ffb65db0000 - 0x00007ffb65f30000 	C:\Windows\System32\gdi32full.dll
0x00007ffb59640000 - 0x00007ffb598ba000 	C:\Windows\WinSxS\amd64_microsoft.windows.common-controls_6595b64144ccf1df_6.0.14393.953_none_42151e83c686086b\COMCTL32.dll
0x00007ffb68d10000 - 0x00007ffb68fd8000 	C:\Windows\System32\combase.dll
0x00007ffb667e0000 - 0x00007ffb668d5000 	C:\Windows\System32\ucrtbase.dll
0x00007ffb65b90000 - 0x00007ffb65bfa000 	C:\Windows\System32\bcryptPrimitives.dll
0x00007ffb65870000 - 0x00007ffb658de000 	C:\Windows\System32\dtrampo.dll
0x00007ffb681b0000 - 0x00007ffb681de000 	C:\Windows\System32\IMM32.DLL
0x0000000056c70000 - 0x0000000056d42000 	D:\jdk\jre\bin\msvcr100.dll
0x0000000057150000 - 0x00000000579eb000 	D:\jdk\jre\bin\server\jvm.dll
0x00007ffb685f0000 - 0x00007ffb685f8000 	C:\Windows\System32\PSAPI.DLL
0x00007ffb52d30000 - 0x00007ffb52d39000 	C:\Windows\SYSTEM32\WSOCK32.dll
0x00007ffb686c0000 - 0x00007ffb6872a000 	C:\Windows\System32\WS2_32.dll
0x00007ffb63e00000 - 0x00007ffb63e23000 	C:\Windows\SYSTEM32\WINMM.dll
0x00007ffb62ad0000 - 0x00007ffb62ada000 	C:\Windows\SYSTEM32\VERSION.dll
0x00007ffb63da0000 - 0x00007ffb63dcb000 	C:\Windows\SYSTEM32\WINMMBASE.dll
0x00007ffb65c00000 - 0x00007ffb65c42000 	C:\Windows\System32\cfgmgr32.dll
0x0000000057140000 - 0x000000005714f000 	D:\jdk\jre\bin\verify.dll
0x0000000057110000 - 0x0000000057139000 	D:\jdk\jre\bin\java.dll
0x0000000056c40000 - 0x0000000056c63000 	D:\jdk\jre\bin\instrument.dll
0x00000000570f0000 - 0x0000000057106000 	D:\jdk\jre\bin\zip.dll

VM Arguments:
jvm_args: -ea -Didea.test.cyclic.buffer.size=1048576 -javaagent:D:\IntelliJ IDEA 2017.1\lib\idea_rt.jar=14458:D:\IntelliJ IDEA 2017.1\bin -Dfile.encoding=UTF-8 
java_command: com.intellij.rt.execution.junit.JUnitStarter -ideVersion5 com.unjlams.SpringTest.SecondSpring,transationTest
java_class_path (initial): D:\IntelliJ IDEA 2017.1\lib\idea_rt.jar;D:\IntelliJ IDEA 2017.1\plugins\junit\lib\junit-rt.jar;D:\jdk\jre\lib\charsets.jar;D:\jdk\jre\lib\deploy.jar;D:\jdk\jre\lib\ext\access-bridge-64.jar;D:\jdk\jre\lib\ext\cldrdata.jar;D:\jdk\jre\lib\ext\dnsns.jar;D:\jdk\jre\lib\ext\jaccess.jar;D:\jdk\jre\lib\ext\jfxrt.jar;D:\jdk\jre\lib\ext\localedata.jar;D:\jdk\jre\lib\ext\nashorn.jar;D:\jdk\jre\lib\ext\sunec.jar;D:\jdk\jre\lib\ext\sunjce_provider.jar;D:\jdk\jre\lib\ext\sunmscapi.jar;D:\jdk\jre\lib\ext\sunpkcs11.jar;D:\jdk\jre\lib\ext\zipfs.jar;D:\jdk\jre\lib\javaws.jar;D:\jdk\jre\lib\jce.jar;D:\jdk\jre\lib\jfr.jar;D:\jdk\jre\lib\jfxswt.jar;D:\jdk\jre\lib\jsse.jar;D:\jdk\jre\lib\management-agent.jar;D:\jdk\jre\lib\plugin.jar;D:\jdk\jre\lib\resources.jar;D:\jdk\jre\lib\rt.jar;D:\projectIntel\Spring\maven02\target\classes;D:\maven-3.5.0\repository\junit\junit\4.12\junit-4.12.jar;D:\maven-3.5.0\repository\org\hamcrest\hamcrest-core\1.3\hamcrest-core-1.3.jar;D:\maven-3.5.0\repository\org\springframework\spring-test\4.3.9.RELEASE\spring-test-4.3.9.RELEASE.jar;D:\maven-3.5.0\repository\org\springframework\spring-core\4.3.9.RELEASE\spring-core-4.3.9.RELEASE.jar;D:\maven-3.5.0\repository\org\springframework\spring-aspects\4.3.9.RELEASE\spring-aspects-4.3.9.RELEASE.jar;D:\maven-3.5.0\repository\org\aspectj\aspectjweaver\1.8.9\aspectjweaver-1.8.9.jar;D:\maven-3.5.0\repository\aopalliance\aopalliance\1.0\aopalliance-1.0.jar;D:\maven-3.5.0\repository\org\springframework\spring-jdbc\4.3.9.RELEASE\spring-jdbc-4.3.9.RELEASE.jar;D:\maven-3.5.0\repository\org\springframework\spring-beans\4.3.9.RELEASE\spring-beans-4.3.9.RELEASE.jar;D:\maven-3.5.0\repository\org\springframework\spring-tx\4.3.9.RELEASE\spring-tx-4.3.9.RELEASE.jar;D:\maven-3.5.0\repository\org\apache\commons\commons-dbcp2\2.1.1\commons-dbcp2-2.1.1.jar;D:\maven-3.5.0\repository\org\apache\commons\commons-pool2\2.4.2\commons-pool2-2.4.2.jar;D:\maven-3.5.0\repository\commons-logging\commons-logging\1.2\com
Launcher Type: SUN_STANDARD

Environment Variables:
PATH=C:\ProgramData\Oracle\Java\javapath;C:\Windows\system32;C:\Windows;C:\Windows\System32\Wbem;C:\Windows\System32\WindowsPowerShell\v1.0\;C:\Program Files (x86)\NVIDIA Corporation\PhysX\Common;D:\%Tomcat%\bin;D:\%Tomcat%\lib;D:\MySQL Server\bin;D:\nodejs\;C:\Program Files (x86)\Microsoft SQL Server\100\Tools\Binn\;C:\Program Files\Microsoft SQL Server\100\Tools\Binn\;C:\Program Files\Microsoft SQL Server\100\DTS\Binn\;C:\Program Files (x86)\Microsoft SQL Server\100\Tools\Binn\VSShell\Common7\IDE\;C:\Program Files (x86)\Microsoft Visual Studio 9.0\Common7\IDE\PrivateAssemblies\;C:\Program Files (x86)\Microsoft SQL Server\100\DTS\Binn\;H:\有用的安装工具;%USERP;OFILE%\.dnx\bin;C:\Program Files\Microsoft DNX\Dnvm\;D:\jdk\jre\bin;D:\jdk\bin;D:\maven-3.5.0\apache-maven-3.5.0\bin;D:\Git\cmd;D:\opencv-3.3.0-vc14\opencv\build\x64\vc14\bin;D:\python 3.6.1\Scripts\;D:\python 3.6.1\;C:\Users\UnjlAms\AppData\Local\Microsoft\WindowsApps;C:\Users\UnjlAms\AppData\Roaming\npm
USERNAME=UnjlAms
OS=Windows_NT
PROCESSOR_IDENTIFIER=Intel64 Family 6 Model 61 Stepping 4, GenuineIntel



---------------  S Y S T E M  ---------------

OS: Windows 10.0 , 64 bit Build 14393 (10.0.14393.1198)

CPU:total 4 (2 cores per cpu, 2 threads per core) family 6 model 61 stepping 4, cmov, cx8, fxsr, mmx, sse, sse2, sse3, ssse3, sse4.1, sse4.2, popcnt, avx, avx2, aes, clmul, erms, 3dnowpref, lzcnt, ht, tsc, tscinvbit, bmi1, bmi2, adx

Memory: 4k page, physical 12495184k(1763756k free), swap 13543760k(241528k free)

vm_info: Java HotSpot(TM) 64-Bit Server VM (25.121-b13) for windows-amd64 JRE (1.8.0_121-b13), built on Dec 12 2016 18:21:36 by "java_re" with MS VC++ 10.0 (VS2010)

time: Sun Sep 24 23:27:14 2017
elapsed time: 0 seconds (0d 0h 0m 0s)

