#
# There is insufficient memory for the Java Runtime Environment to continue.
# Native memory allocation (malloc) failed to allocate 405008 bytes for Chunk::new
# Possible reasons:
#   The system is out of physical RAM or swap space
#   In 32 bit mode, the process size limit was hit
# Possible solutions:
#   Reduce memory load on the system
#   Increase physical memory or swap space
#   Check if swap backing store is full
#   Use 64 bit Java on a 64 bit OS
#   Decrease Java heap size (-Xmx/-Xms)
#   Decrease number of Java threads
#   Decrease Java thread stack sizes (-Xss)
#   Set larger code cache with -XX:ReservedCodeCacheSize=
# This output file may be truncated or incomplete.
#
#  Out of Memory Error (allocation.cpp:390), pid=11644, tid=0x0000000000003e68
#
# JRE version: Java(TM) SE Runtime Environment (8.0_121-b13) (build 1.8.0_121-b13)
# Java VM: Java HotSpot(TM) 64-Bit Server VM (25.121-b13 mixed mode windows-amd64 compressed oops)
# Failed to write core dump. Minidumps are not enabled by default on client versions of Windows
#

---------------  T H R E A D  ---------------

Current thread (0x000000001ac96800):  JavaThread "C2 CompilerThread0" daemon [_thread_in_native, id=15976, stack(0x000000001b360000,0x000000001b460000)]

Stack: [0x000000001b360000,0x000000001b460000]
[error occurred during error reporting (printing stack bounds), id 0xc0000005]

Native frames: (J=compiled Java code, j=interpreted, Vv=VM code, C=native code)


Current CompileTask:
C2:   2716 1157       4       java.io.WinNTFileSystem::normalize (143 bytes)


---------------  P R O C E S S  ---------------

Java Threads: ( => current thread )
  0x000000001ad0b800 JavaThread "Service Thread" daemon [_thread_blocked, id=16188, stack(0x000000001b660000,0x000000001b760000)]
  0x000000001acf4000 JavaThread "C1 CompilerThread2" daemon [_thread_blocked, id=15984, stack(0x000000001b560000,0x000000001b660000)]
  0x000000001ac9b000 JavaThread "C2 CompilerThread1" daemon [_thread_blocked, id=4500, stack(0x000000001b460000,0x000000001b560000)]
=>0x000000001ac96800 JavaThread "C2 CompilerThread0" daemon [_thread_in_native, id=15976, stack(0x000000001b360000,0x000000001b460000)]
  0x000000001993d800 JavaThread "Monitor Ctrl-Break" daemon [_thread_in_native, id=4428, stack(0x000000001b260000,0x000000001b360000)]
  0x0000000019934800 JavaThread "Attach Listener" daemon [_thread_blocked, id=9692, stack(0x000000001b160000,0x000000001b260000)]
  0x00000000198f0000 JavaThread "Signal Dispatcher" daemon [_thread_blocked, id=5748, stack(0x000000001b060000,0x000000001b160000)]
  0x00000000198ca800 JavaThread "Finalizer" daemon [_thread_blocked, id=12648, stack(0x000000001ab60000,0x000000001ac60000)]
  0x0000000002752800 JavaThread "Reference Handler" daemon [_thread_blocked, id=13512, stack(0x000000001aa60000,0x000000001ab60000)]
  0x0000000002662800 JavaThread "main" [_thread_in_vm, id=12164, stack(0x0000000002550000,0x0000000002650000)]

Other Threads:
  0x00000000198a8800 VMThread [stack: 0x000000001a960000,0x000000001aa60000] [id=16112]
  0x000000001ad11000 WatcherThread [stack: 0x000000001b760000,0x000000001b860000] [id=5180]

VM state:not at safepoint (normal execution)

VM Mutex/Monitor currently owned by a thread: None

Heap:
 PSYoungGen      total 57344K, used 27594K [0x0000000780700000, 0x0000000784700000, 0x00000007c0000000)
  eden space 49152K, 41% used [0x0000000780700000,0x0000000781b28a58,0x0000000783700000)
  from space 8192K, 84% used [0x0000000783700000,0x0000000783dc9f38,0x0000000783f00000)
  to   space 8192K, 0% used [0x0000000783f00000,0x0000000783f00000,0x0000000784700000)
 ParOldGen       total 131072K, used 80K [0x0000000701400000, 0x0000000709400000, 0x0000000780700000)
  object space 131072K, 0% used [0x0000000701400000,0x0000000701414010,0x0000000709400000)
 Metaspace       used 14782K, capacity 14908K, committed 15104K, reserved 1062912K
  class space    used 1746K, capacity 1787K, committed 1792K, reserved 1048576K

Card table byte_map: [0x0000000011be0000,0x00000000121e0000] byte_map_base: 0x000000000e3d6000

Marking Bits: (ParMarkBitMap*) 0x000000005796b6d0
 Begin Bits: [0x00000000129e0000, 0x0000000015990000)
 End Bits:   [0x0000000015990000, 0x0000000018940000)

Polling page: 0x00000000007b0000

CodeCache: size=245760Kb used=4802Kb max_used=4802Kb free=240958Kb
 bounds [0x0000000002820000, 0x0000000002ce0000, 0x0000000011820000]
 total_blobs=1528 nmethods=1189 adapters=251
 compilation: enabled

Compilation events (10 events):
Event: 2.693 Thread 0x000000001acf4000 1186       3       java.util.HashMap$Values::iterator (12 bytes)
Event: 2.693 Thread 0x000000001acf4000 nmethod 1186 0x0000000002ccc1d0 code [0x0000000002ccc340, 0x0000000002ccc5a8]
Event: 2.693 Thread 0x000000001acf4000 1187       3       java.util.HashMap$ValueIterator::<init> (11 bytes)
Event: 2.693 Thread 0x000000001acf4000 nmethod 1187 0x0000000002ccbe10 code [0x0000000002ccbf80, 0x0000000002ccc128]
Event: 2.693 Thread 0x000000001acf4000 1188       3       java.util.IdentityHashMap::maskNull (12 bytes)
Event: 2.693 Thread 0x000000001acf4000 nmethod 1188 0x0000000002ccbad0 code [0x0000000002ccbc20, 0x0000000002ccbdb0]
Event: 2.693 Thread 0x000000001acf4000 1189       3       java.util.IdentityHashMap::hash (18 bytes)
Event: 2.694 Thread 0x000000001acf4000 nmethod 1189 0x0000000002ccb750 code [0x0000000002ccb8c0, 0x0000000002ccba48]
Event: 2.695 Thread 0x000000001acf4000 1190       3       java.lang.Thread::getContextClassLoader (32 bytes)
Event: 2.696 Thread 0x000000001acf4000 nmethod 1190 0x0000000002cd2610 code [0x0000000002cd2800, 0x0000000002cd31b8]

GC Heap History (2 events):
Event: 2.019 GC heap before
{Heap before GC invocations=1 (full 0):
 PSYoungGen      total 57344K, used 49152K [0x0000000780700000, 0x0000000784700000, 0x00000007c0000000)
  eden space 49152K, 100% used [0x0000000780700000,0x0000000783700000,0x0000000783700000)
  from space 8192K, 0% used [0x0000000783f00000,0x0000000783f00000,0x0000000784700000)
  to   space 8192K, 0% used [0x0000000783700000,0x0000000783700000,0x0000000783f00000)
 ParOldGen       total 131072K, used 0K [0x0000000701400000, 0x0000000709400000, 0x0000000780700000)
  object space 131072K, 0% used [0x0000000701400000,0x0000000701400000,0x0000000709400000)
 Metaspace       used 12733K, capacity 12880K, committed 13184K, reserved 1060864K
  class space    used 1517K, capacity 1561K, committed 1664K, reserved 1048576K
Event: 2.028 GC heap after
Heap after GC invocations=1 (full 0):
 PSYoungGen      total 57344K, used 6951K [0x0000000780700000, 0x0000000784700000, 0x00000007c0000000)
  eden space 49152K, 0% used [0x0000000780700000,0x0000000780700000,0x0000000783700000)
  from space 8192K, 84% used [0x0000000783700000,0x0000000783dc9f38,0x0000000783f00000)
  to   space 8192K, 0% used [0x0000000783f00000,0x0000000783f00000,0x0000000784700000)
 ParOldGen       total 131072K, used 80K [0x0000000701400000, 0x0000000709400000, 0x0000000780700000)
  object space 131072K, 0% used [0x0000000701400000,0x0000000701414010,0x0000000709400000)
 Metaspace       used 12733K, capacity 12880K, committed 13184K, reserved 1060864K
  class space    used 1517K, capacity 1561K, committed 1664K, reserved 1048576K
}

Deoptimization events (5 events):
Event: 0.852 Thread 0x0000000002662800 Uncommon trap: reason=null_check action=make_not_entrant pc=0x0000000002a09fd4 method=java.lang.String.equals(Ljava/lang/Object;)Z @ 8
Event: 1.260 Thread 0x0000000002662800 Uncommon trap: reason=unstable_if action=reinterpret pc=0x0000000002a4a330 method=sun.net.www.ParseUtil.encodePath(Ljava/lang/String;Z)Ljava/lang/String; @ 109
Event: 1.574 Thread 0x0000000002662800 Uncommon trap: reason=unstable_if action=reinterpret pc=0x0000000002a7e494 method=java.io.WinNTFileSystem.normalize(Ljava/lang/String;)Ljava/lang/String; @ 128
Event: 1.575 Thread 0x0000000002662800 Uncommon trap: reason=unstable_if action=reinterpret pc=0x00000000029b62b4 method=java.lang.String.indexOf([CII[CIII)I @ 3
Event: 2.011 Thread 0x0000000002662800 Uncommon trap: reason=range_check action=make_not_entrant pc=0x0000000002a2b468 method=sun.reflect.generics.parser.SignatureParser.current()C @ 34

Internal exceptions (10 events):
Event: 2.649 Thread 0x0000000002662800 Exception <a 'java/lang/ClassNotFoundException': org/springframework/core/OrderedCustomizer> (0x00000007819af120) thrown at [C:\re\workspace\8-2-build-windows-amd64-cygwin\jdk8u121\8372\hotspot\src\share\vm\classfile\systemDictionary.cpp, line 210]
Event: 2.649 Thread 0x0000000002662800 Exception <a 'java/lang/ClassNotFoundException': java/io/SerializableCustomizer> (0x00000007819b5548) thrown at [C:\re\workspace\8-2-build-windows-amd64-cygwin\jdk8u121\8372\hotspot\src\share\vm\classfile\systemDictionary.cpp, line 210]
Event: 2.662 Thread 0x0000000002662800 Exception <a 'java/lang/ClassNotFoundException': org/springframework/transaction/annotation/AnnotationTransactionAttributeSourceBeanInfo> (0x00000007819d46f8) thrown at [C:\re\workspace\8-2-build-windows-amd64-cygwin\jdk8u121\8372\hotspot\src\share\vm\cla
Event: 2.663 Thread 0x0000000002662800 Exception <a 'java/lang/ClassNotFoundException': org/springframework/transaction/interceptor/AbstractFallbackTransactionAttributeSourceBeanInfo> (0x00000007819e8ab8) thrown at [C:\re\workspace\8-2-build-windows-amd64-cygwin\jdk8u121\8372\hotspot\src\share
Event: 2.664 Thread 0x0000000002662800 Exception <a 'java/lang/ClassNotFoundException': org/springframework/transaction/interceptor/AbstractFallbackTransactionAttributeSourceCustomizer> (0x00000007819fd3a0) thrown at [C:\re\workspace\8-2-build-windows-amd64-cygwin\jdk8u121\8372\hotspot\src\sha
Event: 2.667 Thread 0x0000000002662800 Exception <a 'java/lang/ClassNotFoundException': org/springframework/transaction/annotation/AnnotationTransactionAttributeSourceCustomizer> (0x0000000781a13f38) thrown at [C:\re\workspace\8-2-build-windows-amd64-cygwin\jdk8u121\8372\hotspot\src\share\vm\c
Event: 2.667 Thread 0x0000000002662800 Exception <a 'java/lang/ClassNotFoundException': java/io/SerializableCustomizer> (0x0000000781a1ceb0) thrown at [C:\re\workspace\8-2-build-windows-amd64-cygwin\jdk8u121\8372\hotspot\src\share\vm\classfile\systemDictionary.cpp, line 210]
Event: 2.668 Thread 0x0000000002662800 Exception <a 'java/lang/ClassNotFoundException': org/springframework/transaction/interceptor/TransactionAttributeSourceCustomizer> (0x0000000781a2f1f8) thrown at [C:\re\workspace\8-2-build-windows-amd64-cygwin\jdk8u121\8372\hotspot\src\share\vm\classfile\
Event: 2.691 Thread 0x0000000002662800 Exception <a 'java/lang/ClassNotFoundException': com/unjlams/SpringObject/SpringUserBeanInfo> (0x0000000781a7dfa0) thrown at [C:\re\workspace\8-2-build-windows-amd64-cygwin\jdk8u121\8372\hotspot\src\share\vm\classfile\systemDictionary.cpp, line 210]
Event: 2.692 Thread 0x0000000002662800 Exception <a 'java/lang/ClassNotFoundException': com/unjlams/SpringObject/SpringUserCustomizer> (0x0000000781a89ef8) thrown at [C:\re\workspace\8-2-build-windows-amd64-cygwin\jdk8u121\8372\hotspot\src\share\vm\classfile\systemDictionary.cpp, line 210]

Events (10 events):
Event: 2.693 loading class org/springframework/beans/propertyeditors/CharsetEditor
Event: 2.693 loading class org/springframework/beans/propertyeditors/CharsetEditor done
Event: 2.694 loading class org/springframework/beans/propertyeditors/CurrencyEditor
Event: 2.694 loading class org/springframework/beans/propertyeditors/CurrencyEditor done
Event: 2.695 loading class org/springframework/beans/propertyeditors/LocaleEditor
Event: 2.695 loading class org/springframework/beans/propertyeditors/LocaleEditor done
Event: 2.695 loading class org/springframework/beans/propertyeditors/PatternEditor
Event: 2.695 loading class org/springframework/beans/propertyeditors/PatternEditor done
Event: 2.696 loading class org/springframework/beans/propertyeditors/PropertiesEditor
Event: 2.696 loading class org/springframework/beans/propertyeditors/PropertiesEditor done


Dynamic libraries:
0x00007ff66dae0000 - 0x00007ff66db17000 	D:\jdk\bin\java.exe
0x00007ffb69470000 - 0x00007ffb69642000 	C:\Windows\SYSTEM32\ntdll.dll
0x00007ffb687e0000 - 0x00007ffb6888c000 	C:\Windows\System32\KERNEL32.DLL
0x00007ffb65970000 - 0x00007ffb65b8d000 	C:\Windows\System32\KERNELBASE.dll
0x00007ffb68090000 - 0x00007ffb68132000 	C:\Windows\System32\ADVAPI32.dll
0x00007ffb68550000 - 0x00007ffb685ee000 	C:\Windows\System32\msvcrt.dll
0x0000000000500000 - 0x0000000000559000 	C:\Windows\System32\sechost.dll
0x00007ffb68be0000 - 0x00007ffb68d01000 	C:\Windows\System32\RPCRT4.dll
0x00007ffb683e0000 - 0x00007ffb68545000 	C:\Windows\System32\USER32.dll
0x00007ffb669e0000 - 0x00007ffb669fe000 	C:\Windows\System32\win32u.dll
0x00007ffb68730000 - 0x00007ffb68764000 	C:\Windows\System32\GDI32.dll
0x00007ffb65db0000 - 0x00007ffb65f30000 	C:\Windows\System32\gdi32full.dll
0x00007ffb59640000 - 0x00007ffb598ba000 	C:\Windows\WinSxS\amd64_microsoft.windows.common-controls_6595b64144ccf1df_6.0.14393.953_none_42151e83c686086b\COMCTL32.dll
0x00007ffb68d10000 - 0x00007ffb68fd8000 	C:\Windows\System32\combase.dll
0x00007ffb667e0000 - 0x00007ffb668d5000 	C:\Windows\System32\ucrtbase.dll
0x00007ffb65b90000 - 0x00007ffb65bfa000 	C:\Windows\System32\bcryptPrimitives.dll
0x00007ffb65870000 - 0x00007ffb658de000 	C:\Windows\System32\dtrampo.dll
0x00007ffb681b0000 - 0x00007ffb681de000 	C:\Windows\System32\IMM32.DLL
0x0000000056c70000 - 0x0000000056d42000 	D:\jdk\jre\bin\msvcr100.dll
0x0000000057150000 - 0x00000000579eb000 	D:\jdk\jre\bin\server\jvm.dll
0x00007ffb685f0000 - 0x00007ffb685f8000 	C:\Windows\System32\PSAPI.DLL
0x00007ffb52d30000 - 0x00007ffb52d39000 	C:\Windows\SYSTEM32\WSOCK32.dll
0x00007ffb686c0000 - 0x00007ffb6872a000 	C:\Windows\System32\WS2_32.dll
0x00007ffb63e00000 - 0x00007ffb63e23000 	C:\Windows\SYSTEM32\WINMM.dll
0x00007ffb62ad0000 - 0x00007ffb62ada000 	C:\Windows\SYSTEM32\VERSION.dll
0x00007ffb63da0000 - 0x00007ffb63dcb000 	C:\Windows\SYSTEM32\WINMMBASE.dll
0x00007ffb65c00000 - 0x00007ffb65c42000 	C:\Windows\System32\cfgmgr32.dll
0x0000000057140000 - 0x000000005714f000 	D:\jdk\jre\bin\verify.dll
0x0000000057110000 - 0x0000000057139000 	D:\jdk\jre\bin\java.dll
0x0000000056c40000 - 0x0000000056c63000 	D:\jdk\jre\bin\instrument.dll
0x00000000570f0000 - 0x0000000057106000 	D:\jdk\jre\bin\zip.dll
0x00007ffb66b00000 - 0x00007ffb68008000 	C:\Windows\System32\SHELL32.dll
0x00007ffb66100000 - 0x00007ffb667da000 	C:\Windows\System32\windows.storage.dll
0x00000000027c0000 - 0x000000000280c000 	C:\Windows\System32\powrprof.dll
0x00007ffb68890000 - 0x00007ffb688e2000 	C:\Windows\System32\shlwapi.dll
0x00007ffb65900000 - 0x00007ffb6590f000 	C:\Windows\System32\kernel.appcore.dll
0x00007ffb65c50000 - 0x00007ffb65cf9000 	C:\Windows\System32\shcore.dll
0x00007ffb658e0000 - 0x00007ffb658f4000 	C:\Windows\System32\profapi.dll
0x00007ffb606c0000 - 0x00007ffb606da000 	D:\IntelliJ IDEA 2017.1\bin\breakgen64.dll
0x0000000056ee0000 - 0x0000000056efa000 	D:\jdk\jre\bin\net.dll
0x00007ffb65140000 - 0x00007ffb6519c000 	C:\Windows\system32\mswsock.dll

VM Arguments:
jvm_args: -ea -Didea.test.cyclic.buffer.size=1048576 -javaagent:D:\IntelliJ IDEA 2017.1\lib\idea_rt.jar=14416:D:\IntelliJ IDEA 2017.1\bin -Dfile.encoding=UTF-8 
java_command: com.intellij.rt.execution.junit.JUnitStarter -ideVersion5 com.unjlams.SpringTest.SecondSpring,jdbcTest
java_class_path (initial): D:\IntelliJ IDEA 2017.1\lib\idea_rt.jar;D:\IntelliJ IDEA 2017.1\plugins\junit\lib\junit-rt.jar;D:\jdk\jre\lib\charsets.jar;D:\jdk\jre\lib\deploy.jar;D:\jdk\jre\lib\ext\access-bridge-64.jar;D:\jdk\jre\lib\ext\cldrdata.jar;D:\jdk\jre\lib\ext\dnsns.jar;D:\jdk\jre\lib\ext\jaccess.jar;D:\jdk\jre\lib\ext\jfxrt.jar;D:\jdk\jre\lib\ext\localedata.jar;D:\jdk\jre\lib\ext\nashorn.jar;D:\jdk\jre\lib\ext\sunec.jar;D:\jdk\jre\lib\ext\sunjce_provider.jar;D:\jdk\jre\lib\ext\sunmscapi.jar;D:\jdk\jre\lib\ext\sunpkcs11.jar;D:\jdk\jre\lib\ext\zipfs.jar;D:\jdk\jre\lib\javaws.jar;D:\jdk\jre\lib\jce.jar;D:\jdk\jre\lib\jfr.jar;D:\jdk\jre\lib\jfxswt.jar;D:\jdk\jre\lib\jsse.jar;D:\jdk\jre\lib\management-agent.jar;D:\jdk\jre\lib\plugin.jar;D:\jdk\jre\lib\resources.jar;D:\jdk\jre\lib\rt.jar;D:\projectIntel\Spring\maven02\target\classes;D:\maven-3.5.0\repository\junit\junit\4.12\junit-4.12.jar;D:\maven-3.5.0\repository\org\hamcrest\hamcrest-core\1.3\hamcrest-core-1.3.jar;D:\maven-3.5.0\repository\org\springframework\spring-test\4.3.9.RELEASE\spring-test-4.3.9.RELEASE.jar;D:\maven-3.5.0\repository\org\springframework\spring-core\4.3.9.RELEASE\spring-core-4.3.9.RELEASE.jar;D:\maven-3.5.0\repository\org\springframework\spring-aspects\4.3.9.RELEASE\spring-aspects-4.3.9.RELEASE.jar;D:\maven-3.5.0\repository\org\aspectj\aspectjweaver\1.8.9\aspectjweaver-1.8.9.jar;D:\maven-3.5.0\repository\aopalliance\aopalliance\1.0\aopalliance-1.0.jar;D:\maven-3.5.0\repository\org\springframework\spring-jdbc\4.3.9.RELEASE\spring-jdbc-4.3.9.RELEASE.jar;D:\maven-3.5.0\repository\org\springframework\spring-beans\4.3.9.RELEASE\spring-beans-4.3.9.RELEASE.jar;D:\maven-3.5.0\repository\org\springframework\spring-tx\4.3.9.RELEASE\spring-tx-4.3.9.RELEASE.jar;D:\maven-3.5.0\repository\org\apache\commons\commons-dbcp2\2.1.1\commons-dbcp2-2.1.1.jar;D:\maven-3.5.0\repository\org\apache\commons\commons-pool2\2.4.2\commons-pool2-2.4.2.jar;D:\maven-3.5.0\repository\commons-logging\commons-logging\1.2\com
Launcher Type: SUN_STANDARD

Environment Variables:
PATH=C:\ProgramData\Oracle\Java\javapath;C:\Windows\system32;C:\Windows;C:\Windows\System32\Wbem;C:\Windows\System32\WindowsPowerShell\v1.0\;C:\Program Files (x86)\NVIDIA Corporation\PhysX\Common;D:\%Tomcat%\bin;D:\%Tomcat%\lib;D:\MySQL Server\bin;D:\nodejs\;C:\Program Files (x86)\Microsoft SQL Server\100\Tools\Binn\;C:\Program Files\Microsoft SQL Server\100\Tools\Binn\;C:\Program Files\Microsoft SQL Server\100\DTS\Binn\;C:\Program Files (x86)\Microsoft SQL Server\100\Tools\Binn\VSShell\Common7\IDE\;C:\Program Files (x86)\Microsoft Visual Studio 9.0\Common7\IDE\PrivateAssemblies\;C:\Program Files (x86)\Microsoft SQL Server\100\DTS\Binn\;H:\有用的安装工具;%USERP;OFILE%\.dnx\bin;C:\Program Files\Microsoft DNX\Dnvm\;D:\jdk\jre\bin;D:\jdk\bin;D:\maven-3.5.0\apache-maven-3.5.0\bin;D:\Git\cmd;D:\opencv-3.3.0-vc14\opencv\build\x64\vc14\bin;D:\python 3.6.1\Scripts\;D:\python 3.6.1\;C:\Users\UnjlAms\AppData\Local\Microsoft\WindowsApps;C:\Users\UnjlAms\AppData\Roaming\npm
USERNAME=UnjlAms
OS=Windows_NT
PROCESSOR_IDENTIFIER=Intel64 Family 6 Model 61 Stepping 4, GenuineIntel



---------------  S Y S T E M  ---------------

OS: Windows 10.0 , 64 bit Build 14393 (10.0.14393.1198)

CPU:total 4 (2 cores per cpu, 2 threads per core) family 6 model 61 stepping 4, cmov, cx8, fxsr, mmx, sse, sse2, sse3, ssse3, sse4.1, sse4.2, popcnt, avx, avx2, aes, clmul, erms, 3dnowpref, lzcnt, ht, tsc, tscinvbit, bmi1, bmi2, adx

Memory: 4k page, physical 12495184k(1656892k free), swap 13543760k(104k free)

vm_info: Java HotSpot(TM) 64-Bit Server VM (25.121-b13) for windows-amd64 JRE (1.8.0_121-b13), built on Dec 12 2016 18:21:36 by "java_re" with MS VC++ 10.0 (VS2010)

time: Sun Sep 24 23:25:07 2017
elapsed time: 2 seconds (0d 0h 0m 2s)

